<?xml version="1.0" encoding="UTF-8"?>
<testsuite name="SixWordsBoard.service.MemberServiceTest" tests="3" skipped="0" failures="0" errors="0" timestamp="2023-07-26T11:28:51" hostname="LAPTOP-S7068HM1" time="0.326">
  <properties/>
  <testcase name="조회" classname="SixWordsBoard.service.MemberServiceTest" time="0.276"/>
  <testcase name="회원가입" classname="SixWordsBoard.service.MemberServiceTest" time="0.02"/>
  <testcase name="동일아이디예외" classname="SixWordsBoard.service.MemberServiceTest" time="0.027"/>
  <system-out><![CDATA[2023-07-26 20:28:51.089  INFO 13664 --- [    Test worker] o.s.t.c.transaction.TransactionContext   : Began transaction (1) for test context [DefaultTestContext@56fc2cea testClass = MemberServiceTest, testInstance = SixWordsBoard.service.MemberServiceTest@e30a8ef, testMethod = 조회@MemberServiceTest, testException = [null], mergedContextConfiguration = [WebMergedContextConfiguration@2ffaa711 testClass = MemberServiceTest, locations = '{}', classes = '{class SixWordsBoard.SixWordsBoardApplication}', contextInitializerClasses = '[]', activeProfiles = '{}', propertySourceLocations = '{}', propertySourceProperties = '{org.springframework.boot.test.context.SpringBootTestContextBootstrapper=true}', contextCustomizers = set[org.springframework.boot.test.autoconfigure.actuate.metrics.MetricsExportContextCustomizerFactory$DisableMetricExportContextCustomizer@6aecbb8d, org.springframework.boot.test.autoconfigure.properties.PropertyMappingContextCustomizer@0, org.springframework.boot.test.autoconfigure.web.servlet.WebDriverContextCustomizerFactory$Customizer@62163b39, org.springframework.boot.test.context.filter.ExcludeFilterContextCustomizer@207b8649, org.springframework.boot.test.json.DuplicateJsonObjectContextCustomizerFactory$DuplicateJsonObjectContextCustomizer@57eda880, org.springframework.boot.test.mock.mockito.MockitoContextCustomizer@0, org.springframework.boot.test.web.client.TestRestTemplateContextCustomizer@cb191ca, org.springframework.boot.test.context.SpringBootTestArgs@1, org.springframework.boot.test.context.SpringBootTestWebEnvironment@19976a65], resourceBasePath = 'src/main/webapp', contextLoader = 'org.springframework.boot.test.context.SpringBootContextLoader', parent = [null]], attributes = map['org.springframework.test.context.web.ServletTestExecutionListener.activateListener' -> true, 'org.springframework.test.context.web.ServletTestExecutionListener.populatedRequestContextHolder' -> true, 'org.springframework.test.context.web.ServletTestExecutionListener.resetRequestContextHolder' -> true, 'org.springframework.test.context.event.ApplicationEventsTestExecutionListener.recordApplicationEvents' -> false]]; transaction manager [org.springframework.orm.jpa.JpaTransactionManager@5d260494]; rollback [true]
Hibernate: 
    select
        member0_.member_id as member_i1_2_,
        member0_.login_id as login_id2_2_,
        member0_.name as name3_2_,
        member0_.password as password4_2_,
        member0_.role as role5_2_ 
    from
        member member0_ 
    where
        member0_.login_id=?
Hibernate: 
    insert 
    into
        member
        (login_id, name, password, role) 
    values
        (?, ?, ?, ?)
로그인 아이디 = {}test3
이름 = {}test3
2023-07-26 20:28:51.281  INFO 13664 --- [    Test worker] o.s.t.c.transaction.TransactionContext   : Rolled back transaction for test: [DefaultTestContext@56fc2cea testClass = MemberServiceTest, testInstance = SixWordsBoard.service.MemberServiceTest@e30a8ef, testMethod = 조회@MemberServiceTest, testException = [null], mergedContextConfiguration = [WebMergedContextConfiguration@2ffaa711 testClass = MemberServiceTest, locations = '{}', classes = '{class SixWordsBoard.SixWordsBoardApplication}', contextInitializerClasses = '[]', activeProfiles = '{}', propertySourceLocations = '{}', propertySourceProperties = '{org.springframework.boot.test.context.SpringBootTestContextBootstrapper=true}', contextCustomizers = set[org.springframework.boot.test.autoconfigure.actuate.metrics.MetricsExportContextCustomizerFactory$DisableMetricExportContextCustomizer@6aecbb8d, org.springframework.boot.test.autoconfigure.properties.PropertyMappingContextCustomizer@0, org.springframework.boot.test.autoconfigure.web.servlet.WebDriverContextCustomizerFactory$Customizer@62163b39, org.springframework.boot.test.context.filter.ExcludeFilterContextCustomizer@207b8649, org.springframework.boot.test.json.DuplicateJsonObjectContextCustomizerFactory$DuplicateJsonObjectContextCustomizer@57eda880, org.springframework.boot.test.mock.mockito.MockitoContextCustomizer@0, org.springframework.boot.test.web.client.TestRestTemplateContextCustomizer@cb191ca, org.springframework.boot.test.context.SpringBootTestArgs@1, org.springframework.boot.test.context.SpringBootTestWebEnvironment@19976a65], resourceBasePath = 'src/main/webapp', contextLoader = 'org.springframework.boot.test.context.SpringBootContextLoader', parent = [null]], attributes = map['org.springframework.test.context.web.ServletTestExecutionListener.activateListener' -> true, 'org.springframework.test.context.web.ServletTestExecutionListener.populatedRequestContextHolder' -> true, 'org.springframework.test.context.web.ServletTestExecutionListener.resetRequestContextHolder' -> true, 'org.springframework.test.context.event.ApplicationEventsTestExecutionListener.recordApplicationEvents' -> false]]
2023-07-26 20:28:51.287  INFO 13664 --- [    Test worker] o.s.t.c.transaction.TransactionContext   : Began transaction (1) for test context [DefaultTestContext@56fc2cea testClass = MemberServiceTest, testInstance = SixWordsBoard.service.MemberServiceTest@69c335c4, testMethod = 회원가입@MemberServiceTest, testException = [null], mergedContextConfiguration = [WebMergedContextConfiguration@2ffaa711 testClass = MemberServiceTest, locations = '{}', classes = '{class SixWordsBoard.SixWordsBoardApplication}', contextInitializerClasses = '[]', activeProfiles = '{}', propertySourceLocations = '{}', propertySourceProperties = '{org.springframework.boot.test.context.SpringBootTestContextBootstrapper=true}', contextCustomizers = set[org.springframework.boot.test.autoconfigure.actuate.metrics.MetricsExportContextCustomizerFactory$DisableMetricExportContextCustomizer@6aecbb8d, org.springframework.boot.test.autoconfigure.properties.PropertyMappingContextCustomizer@0, org.springframework.boot.test.autoconfigure.web.servlet.WebDriverContextCustomizerFactory$Customizer@62163b39, org.springframework.boot.test.context.filter.ExcludeFilterContextCustomizer@207b8649, org.springframework.boot.test.json.DuplicateJsonObjectContextCustomizerFactory$DuplicateJsonObjectContextCustomizer@57eda880, org.springframework.boot.test.mock.mockito.MockitoContextCustomizer@0, org.springframework.boot.test.web.client.TestRestTemplateContextCustomizer@cb191ca, org.springframework.boot.test.context.SpringBootTestArgs@1, org.springframework.boot.test.context.SpringBootTestWebEnvironment@19976a65], resourceBasePath = 'src/main/webapp', contextLoader = 'org.springframework.boot.test.context.SpringBootContextLoader', parent = [null]], attributes = map['org.springframework.test.context.web.ServletTestExecutionListener.activateListener' -> true, 'org.springframework.test.context.web.ServletTestExecutionListener.populatedRequestContextHolder' -> true, 'org.springframework.test.context.web.ServletTestExecutionListener.resetRequestContextHolder' -> true, 'org.springframework.test.context.event.ApplicationEventsTestExecutionListener.recordApplicationEvents' -> false]]; transaction manager [org.springframework.orm.jpa.JpaTransactionManager@5d260494]; rollback [true]
Hibernate: 
    select
        member0_.member_id as member_i1_2_,
        member0_.login_id as login_id2_2_,
        member0_.name as name3_2_,
        member0_.password as password4_2_,
        member0_.role as role5_2_ 
    from
        member member0_ 
    where
        member0_.login_id=?
Hibernate: 
    insert 
    into
        member
        (login_id, name, password, role) 
    values
        (?, ?, ?, ?)
2023-07-26 20:28:51.305  INFO 13664 --- [    Test worker] o.s.t.c.transaction.TransactionContext   : Rolled back transaction for test: [DefaultTestContext@56fc2cea testClass = MemberServiceTest, testInstance = SixWordsBoard.service.MemberServiceTest@69c335c4, testMethod = 회원가입@MemberServiceTest, testException = [null], mergedContextConfiguration = [WebMergedContextConfiguration@2ffaa711 testClass = MemberServiceTest, locations = '{}', classes = '{class SixWordsBoard.SixWordsBoardApplication}', contextInitializerClasses = '[]', activeProfiles = '{}', propertySourceLocations = '{}', propertySourceProperties = '{org.springframework.boot.test.context.SpringBootTestContextBootstrapper=true}', contextCustomizers = set[org.springframework.boot.test.autoconfigure.actuate.metrics.MetricsExportContextCustomizerFactory$DisableMetricExportContextCustomizer@6aecbb8d, org.springframework.boot.test.autoconfigure.properties.PropertyMappingContextCustomizer@0, org.springframework.boot.test.autoconfigure.web.servlet.WebDriverContextCustomizerFactory$Customizer@62163b39, org.springframework.boot.test.context.filter.ExcludeFilterContextCustomizer@207b8649, org.springframework.boot.test.json.DuplicateJsonObjectContextCustomizerFactory$DuplicateJsonObjectContextCustomizer@57eda880, org.springframework.boot.test.mock.mockito.MockitoContextCustomizer@0, org.springframework.boot.test.web.client.TestRestTemplateContextCustomizer@cb191ca, org.springframework.boot.test.context.SpringBootTestArgs@1, org.springframework.boot.test.context.SpringBootTestWebEnvironment@19976a65], resourceBasePath = 'src/main/webapp', contextLoader = 'org.springframework.boot.test.context.SpringBootContextLoader', parent = [null]], attributes = map['org.springframework.test.context.web.ServletTestExecutionListener.activateListener' -> true, 'org.springframework.test.context.web.ServletTestExecutionListener.populatedRequestContextHolder' -> true, 'org.springframework.test.context.web.ServletTestExecutionListener.resetRequestContextHolder' -> true, 'org.springframework.test.context.event.ApplicationEventsTestExecutionListener.recordApplicationEvents' -> false]]
2023-07-26 20:28:51.311  INFO 13664 --- [    Test worker] o.s.t.c.transaction.TransactionContext   : Began transaction (1) for test context [DefaultTestContext@56fc2cea testClass = MemberServiceTest, testInstance = SixWordsBoard.service.MemberServiceTest@27260f9c, testMethod = 동일아이디예외@MemberServiceTest, testException = [null], mergedContextConfiguration = [WebMergedContextConfiguration@2ffaa711 testClass = MemberServiceTest, locations = '{}', classes = '{class SixWordsBoard.SixWordsBoardApplication}', contextInitializerClasses = '[]', activeProfiles = '{}', propertySourceLocations = '{}', propertySourceProperties = '{org.springframework.boot.test.context.SpringBootTestContextBootstrapper=true}', contextCustomizers = set[org.springframework.boot.test.autoconfigure.actuate.metrics.MetricsExportContextCustomizerFactory$DisableMetricExportContextCustomizer@6aecbb8d, org.springframework.boot.test.autoconfigure.properties.PropertyMappingContextCustomizer@0, org.springframework.boot.test.autoconfigure.web.servlet.WebDriverContextCustomizerFactory$Customizer@62163b39, org.springframework.boot.test.context.filter.ExcludeFilterContextCustomizer@207b8649, org.springframework.boot.test.json.DuplicateJsonObjectContextCustomizerFactory$DuplicateJsonObjectContextCustomizer@57eda880, org.springframework.boot.test.mock.mockito.MockitoContextCustomizer@0, org.springframework.boot.test.web.client.TestRestTemplateContextCustomizer@cb191ca, org.springframework.boot.test.context.SpringBootTestArgs@1, org.springframework.boot.test.context.SpringBootTestWebEnvironment@19976a65], resourceBasePath = 'src/main/webapp', contextLoader = 'org.springframework.boot.test.context.SpringBootContextLoader', parent = [null]], attributes = map['org.springframework.test.context.web.ServletTestExecutionListener.activateListener' -> true, 'org.springframework.test.context.web.ServletTestExecutionListener.populatedRequestContextHolder' -> true, 'org.springframework.test.context.web.ServletTestExecutionListener.resetRequestContextHolder' -> true, 'org.springframework.test.context.event.ApplicationEventsTestExecutionListener.recordApplicationEvents' -> false]]; transaction manager [org.springframework.orm.jpa.JpaTransactionManager@5d260494]; rollback [true]
Hibernate: 
    select
        member0_.member_id as member_i1_2_,
        member0_.login_id as login_id2_2_,
        member0_.name as name3_2_,
        member0_.password as password4_2_,
        member0_.role as role5_2_ 
    from
        member member0_ 
    where
        member0_.login_id=?
Hibernate: 
    insert 
    into
        member
        (login_id, name, password, role) 
    values
        (?, ?, ?, ?)
Hibernate: 
    select
        member0_.member_id as member_i1_2_,
        member0_.login_id as login_id2_2_,
        member0_.name as name3_2_,
        member0_.password as password4_2_,
        member0_.role as role5_2_ 
    from
        member member0_ 
    where
        member0_.login_id=?
2023-07-26 20:28:51.333  INFO 13664 --- [    Test worker] o.s.t.c.transaction.TransactionContext   : Rolled back transaction for test: [DefaultTestContext@56fc2cea testClass = MemberServiceTest, testInstance = SixWordsBoard.service.MemberServiceTest@27260f9c, testMethod = 동일아이디예외@MemberServiceTest, testException = [null], mergedContextConfiguration = [WebMergedContextConfiguration@2ffaa711 testClass = MemberServiceTest, locations = '{}', classes = '{class SixWordsBoard.SixWordsBoardApplication}', contextInitializerClasses = '[]', activeProfiles = '{}', propertySourceLocations = '{}', propertySourceProperties = '{org.springframework.boot.test.context.SpringBootTestContextBootstrapper=true}', contextCustomizers = set[org.springframework.boot.test.autoconfigure.actuate.metrics.MetricsExportContextCustomizerFactory$DisableMetricExportContextCustomizer@6aecbb8d, org.springframework.boot.test.autoconfigure.properties.PropertyMappingContextCustomizer@0, org.springframework.boot.test.autoconfigure.web.servlet.WebDriverContextCustomizerFactory$Customizer@62163b39, org.springframework.boot.test.context.filter.ExcludeFilterContextCustomizer@207b8649, org.springframework.boot.test.json.DuplicateJsonObjectContextCustomizerFactory$DuplicateJsonObjectContextCustomizer@57eda880, org.springframework.boot.test.mock.mockito.MockitoContextCustomizer@0, org.springframework.boot.test.web.client.TestRestTemplateContextCustomizer@cb191ca, org.springframework.boot.test.context.SpringBootTestArgs@1, org.springframework.boot.test.context.SpringBootTestWebEnvironment@19976a65], resourceBasePath = 'src/main/webapp', contextLoader = 'org.springframework.boot.test.context.SpringBootContextLoader', parent = [null]], attributes = map['org.springframework.test.context.web.ServletTestExecutionListener.activateListener' -> true, 'org.springframework.test.context.web.ServletTestExecutionListener.populatedRequestContextHolder' -> true, 'org.springframework.test.context.web.ServletTestExecutionListener.resetRequestContextHolder' -> true, 'org.springframework.test.context.event.ApplicationEventsTestExecutionListener.recordApplicationEvents' -> false]]
]]></system-out>
  <system-err><![CDATA[]]></system-err>
</testsuite>
